***** Section <default> *****
Stats: size=1103  blocks=1103  symbols=99  literals=25  relocations=0
Blocks
    name        start   size  #ins #dir #sto
    <default>   00000  0044F   319   52    0
Symbols
    name                          hex       dec  scope     kind      type      description
    *0                         000404      1028  local     relative  data      label
    *1                         000407      1031  local     relative  data      label
    *10                        000422      1058  local     relative  data      label
    *11                        000425      1061  local     relative  data      label
    *12                        000428      1064  local     relative  data      label
    *13                        00042B      1067  local     relative  data      label
    *14                        00042E      1070  local     relative  data      label
    *15                        000431      1073  local     relative  data      label
    *16                        000434      1076  local     relative  data      label
    *17                        000437      1079  local     relative  data      label
    *18                        00043A      1082  local     relative  data      label
    *19                        00043D      1085  local     relative  data      label
    *2                         00040A      1034  local     relative  data      label
    *20                        000440      1088  local     relative  data      label
    *21                        000443      1091  local     relative  data      label
    *22                        000446      1094  local     relative  data      label
    *23                        000449      1097  local     relative  data      label
    *24                        00044C      1100  local     relative  data      label
    *3                         00040D      1037  local     relative  data      label
    *4                         000410      1040  local     relative  data      label
    *5                         000413      1043  local     relative  data      label
    *6                         000416      1046  local     relative  data      label
    *7                         000419      1049  local     relative  data      label
    *8                         00041C      1052  local     relative  data      label
    *9                         00041F      1055  local     relative  data      label
    EOP                        000057        87  local     relative  code      label
    address                    0003E6       998  local     relative  data      label
    calculateAddr              0002D0       720  local     relative  code      label
    clearLoop                  00006C       108  local     relative  code      label
    clearScreen                000060        96  local     relative  code      label
    clr                        000039        57  local     relative  code      label
    col                        0003D4       980  local     relative  data      label
    colNeg                     000177       375  local     relative  code      label
    color                      0003CB       971  local     relative  data      label
    cols                       0003CE       974  local     relative  data      label
    concCol                    00018C       396  local     relative  code      label
    concRow                    0001E9       489  local     relative  code      label
    concRow2                   0001F2       498  local     relative  code      label
    drawPoint                  0001F5       501  local     relative  code      label
    drawPointFunction          0000DE       222  local     relative  code      label
    first                      000000         0  local     relative  code      label
    fun                        00003F        63  local     relative  code      label
    fun1                       000048        72  local     relative  code      label
    function                   0000A2       162  local     relative  code      label
    functionDone               0000CF       207  local     relative  code      label
    functionLoop               0000B7       183  local     relative  code      label
    functionNeg                0001E0       480  local     relative  code      label
    functionPos                0001D7       471  local     relative  code      label
    functionSpr                000401      1025  local     relative  data      label
    getCol                     000159       345  local     relative  code      label
    getColor                   000255       597  local     relative  code      label
    getFun                     0000F0       240  local     relative  code      label
    getRow                     000192       402  local     relative  code      label
    gotColor                   0002CA       714  local     relative  code      label
    gotFun                     000153       339  local     relative  code      label
    green                      0003C5       965  local     relative  data      label
    greenColor                 0002AF       687  local     relative  code      label
    halt                       00005D        93  local     relative  code      label
    initializeCoordinateAxes   0002E8       744  local     relative  code      label
    jump                       0003E9      1001  local     relative  data      label
    jumpPoint                  0003EC      1004  local     relative  data      label
    krizec                     0003EF      1007  local     relative  data      label
    krizecJmp                  00027F       639  local     relative  code      label
    navpAdd10                  00036C       876  local     relative  code      label
    navpCrta                   0002FA       762  local     relative  code      label
    navpDrugAdd                000369       873  local     relative  code      label
    navpFlare                  00033C       828  local     relative  code      label
    negFunLoop                 00013E       318  local     relative  code      label
    negFunction                000138       312  local     relative  code      label
    negRow                     0001C2       450  local     relative  code      label
    niKrizec                   000249       585  local     relative  code      label
    point                      000045        69  local     relative  code      label
    posFunLoop                 000120       288  local     relative  code      label
    posFunction                00010E       270  local     relative  code      label
    primer                     000000         0  exported  relative  code      label
    red                        0003C2       962  local     relative  data      label
    redColor                   0002B8       696  local     relative  code      label
    row                        0003D7       983  local     relative  data      label
    rows                       0003D1       977  local     relative  data      label
    screenMax                  0003E0       992  local     relative  data      label
    screenOrg                  0003DD       989  local     relative  data      label
    screenTemp                 0003E3       995  local     relative  data      label
    startLoop                  000012        18  local     relative  code      label
    stdin                      0003BD       957  local     relative  data      label
    stdout                     0003BE       958  local     relative  data      label
    temp                       0003DA       986  local     relative  data      label
    tempNeg                    0003F5      1013  local     relative  data      label
    testiram                   0003F8      1016  local     relative  data      label
    testiram1                  0003FB      1019  local     relative  data      label
    testiram2                  0003FE      1022  local     relative  data      label
    vodAdd10                   0003AB       939  local     relative  code      label
    vodCrta                    00031E       798  local     relative  code      label
    vodDrugAdd                 0003A8       936  local     relative  code      label
    vodFlare                   00037B       891  local     relative  code      label
    white                      0003BF       959  local     relative  data      label
    whiteColor                 0002C1       705  local     relative  code      label
    x                          0003F2      1010  local     relative  data      label
    yellow                     0003C8       968  local     relative  data      label
    yellowColor                0002A6       678  local     relative  code      label
Literals
    label   definition
    *0      WORD 0
    *1      WORD 36
    *2      WORD 48
    *3      WORD 102
    *4      WORD 99
    *5      WORD 112
    *6      WORD 3
    *7      WORD 1
    *8      WORD 2
    *9      WORD 110
    *10     WORD 109
    *11     WORD 108
    *12     WORD 45
    *13     WORD 10
    *14     WORD 54
    *15     WORD 5
    *16     WORD 120
    *17     WORD 103
    *18     WORD 119
    *19     WORD 114
    *20     WORD 121
    *21     WORD 53
    *22     WORD 55
    *23     WORD 43
    *24     WORD 21
Relocations
    address length flag symbol
